
**** Build of configuration Debug for project 09-charlieSwitch ****

"D:\\learnData\\ccs\\ccs\\utils\\bin\\gmake" -k all 
 
Building file: "../main.c"
Invoking: MSP430 Compiler
"D:/learnData/ccs/ccs/tools/compiler/ti-cgt-msp430_21.6.1.LTS/bin/cl430" -vmsp --abi=eabi --use_hw_mpy=none --include_path="D:/learnData/ccs/ccs/ccs_base/msp430/include" --include_path="D:/learnData/ccs/ccs/tools/compiler/ti-cgt-msp430_21.6.1.LTS/include" --advice:power=all -g --define=__MSP430G2553__ --display_error_number --diag_warning=225 --diag_wrap=off --printf_support=minimal --preproc_with_compile --preproc_dependency="main.d_raw"  "../main.c"
"../main.c", line 47: remark #1544-D: (ULP 13.1) Detected loop counting up. Recommend loops count down as detecting zeros is easier
"../main.c", line 51: remark #1527-D: (ULP 2.1) Detected SW delay loop using __delay_cycles. Recommend using a timer module instead
"../main.c", line 47: remark #1544-D: (ULP 13.1) Detected loop counting up. Recommend loops count down as detecting zeros is easier
"../main.c", line 51: remark #1527-D: (ULP 2.1) Detected SW delay loop using __delay_cycles. Recommend using a timer module instead
"../main.c", line 59: remark #1527-D: (ULP 2.1) Detected SW delay loop using __delay_cycles. Recommend using a timer module instead
"../main.c", line 62: remark #2553-D: (ULP 14.1) Array index (involving "count") of type "int". Recommend using "unsigned int"
Finished building: "../main.c"
 
Building target: "09-charlieSwitch.out"
Invoking: MSP430 Linker
"D:/learnData/ccs/ccs/tools/compiler/ti-cgt-msp430_21.6.1.LTS/bin/cl430" -vmsp --abi=eabi --use_hw_mpy=none --advice:power=all -g --define=__MSP430G2553__ --display_error_number --diag_warning=225 --diag_wrap=off --printf_support=minimal -z -m"09-charlieSwitch.map" --stack_size=80 --heap_size=80 -i"D:/learnData/ccs/ccs/ccs_base/msp430/include" -i"D:/learnData/ccs/ccs/tools/compiler/ti-cgt-msp430_21.6.1.LTS/lib" -i"D:/learnData/ccs/ccs/tools/compiler/ti-cgt-msp430_21.6.1.LTS/include" --reread_libs --warn_sections --diag_wrap=off --display_error_number --xml_link_info="09-charlieSwitch_linkInfo.xml" --use_hw_mpy=none --rom_model -o "09-charlieSwitch.out" "./main.obj" "../lnk_msp430g2553.cmd"  -llibc.a 
<Linking>
remark #10371-D: (ULP 1.1) Detected no uses of low power mode state changing instructions
remark #10372-D: (ULP 4.1) Detected uninitialized Port 3 in this project. Recommend initializing all unused ports to eliminate wasted current consumption on unused pins.
Finished building target: "09-charlieSwitch.out"
 

**** Build Finished ****
