
**** Build of configuration Debug for project 29-capTouch ****

"D:\\learnData\\ccs\\ccs\\utils\\bin\\gmake" -k all 
 
Building file: "../Application/main.c"
Invoking: MSP430 Compiler
"D:/learnData/ccs/ccs/tools/compiler/ti-cgt-msp430_21.6.1.LTS/bin/cl430" -vmsp --abi=eabi --use_hw_mpy=none --include_path="D:/learnData/ccs/ccs/ccs_base/msp430/include" --include_path="D:/learnData/ccs/ccs/tools/compiler/ti-cgt-msp430_21.6.1.LTS/include" --include_path="C:/Users/30628/workspace_v12/29-capTouch/Library" --include_path="C:/Users/30628/workspace_v12/29-capTouch/Application" --advice:power=all -g --gcc --define=__MSP430G2553__ --display_error_number --diag_warning=225 --diag_wrap=off --printf_support=minimal --preproc_with_compile --preproc_dependency="Application/main.d_raw" --obj_directory="Application"  "../Application/main.c"
"../Application/main.c", line 40: remark #1527-D: (ULP 2.1) Detected SW delay loop using __delay_cycles. Recommend using a timer module instead
"../Application/main.c", line 46: remark #1527-D: (ULP 2.1) Detected SW delay loop using __delay_cycles. Recommend using a timer module instead
"../Application/main.c", line 51: remark #1527-D: (ULP 2.1) Detected SW delay loop using __delay_cycles. Recommend using a timer module instead
Finished building: "../Application/main.c"
 
Building file: "../Application/structure.c"
Invoking: MSP430 Compiler
"D:/learnData/ccs/ccs/tools/compiler/ti-cgt-msp430_21.6.1.LTS/bin/cl430" -vmsp --abi=eabi --use_hw_mpy=none --include_path="D:/learnData/ccs/ccs/ccs_base/msp430/include" --include_path="D:/learnData/ccs/ccs/tools/compiler/ti-cgt-msp430_21.6.1.LTS/include" --include_path="C:/Users/30628/workspace_v12/29-capTouch/Library" --include_path="C:/Users/30628/workspace_v12/29-capTouch/Application" --advice:power=all -g --gcc --define=__MSP430G2553__ --display_error_number --diag_warning=225 --diag_wrap=off --printf_support=minimal --preproc_with_compile --preproc_dependency="Application/structure.d_raw" --obj_directory="Application"  "../Application/structure.c"
Finished building: "../Application/structure.c"
 
Building file: "../Library/CTS_HAL.c"
Invoking: MSP430 Compiler
"D:/learnData/ccs/ccs/tools/compiler/ti-cgt-msp430_21.6.1.LTS/bin/cl430" -vmsp --abi=eabi --use_hw_mpy=none --include_path="D:/learnData/ccs/ccs/ccs_base/msp430/include" --include_path="D:/learnData/ccs/ccs/tools/compiler/ti-cgt-msp430_21.6.1.LTS/include" --include_path="C:/Users/30628/workspace_v12/29-capTouch/Library" --include_path="C:/Users/30628/workspace_v12/29-capTouch/Application" --advice:power=all -g --gcc --define=__MSP430G2553__ --display_error_number --diag_warning=225 --diag_wrap=off --printf_support=minimal --preproc_with_compile --preproc_dependency="Library/CTS_HAL.d_raw" --obj_directory="Library"  "../Library/CTS_HAL.c"
"../Library/CTS_HAL.c", line 1869: remark #1544-D: (ULP 13.1) Detected loop counting up. Recommend loops count down as detecting zeros is easier
Finished building: "../Library/CTS_HAL.c"
 
Building file: "../Library/CTS_Layer.c"
Invoking: MSP430 Compiler
"D:/learnData/ccs/ccs/tools/compiler/ti-cgt-msp430_21.6.1.LTS/bin/cl430" -vmsp --abi=eabi --use_hw_mpy=none --include_path="D:/learnData/ccs/ccs/ccs_base/msp430/include" --include_path="D:/learnData/ccs/ccs/tools/compiler/ti-cgt-msp430_21.6.1.LTS/include" --include_path="C:/Users/30628/workspace_v12/29-capTouch/Library" --include_path="C:/Users/30628/workspace_v12/29-capTouch/Application" --advice:power=all -g --gcc --define=__MSP430G2553__ --display_error_number --diag_warning=225 --diag_wrap=off --printf_support=minimal --preproc_with_compile --preproc_dependency="Library/CTS_Layer.d_raw" --obj_directory="Library"  "../Library/CTS_Layer.c"
"../Library/CTS_Layer.c", line 357: remark #1544-D: (ULP 13.1) Detected loop counting up. Recommend loops count down as detecting zeros is easier
"../Library/CTS_Layer.c", line 359: remark #1544-D: (ULP 13.1) Detected loop counting up. Recommend loops count down as detecting zeros is easier
"../Library/CTS_Layer.c", line 362: remark #1545-D: (ULP 14.1) Array index of type "int". Recommend using "unsigned int"
"../Library/CTS_Layer.c", line 363: remark #1530-D: (ULP 5.1) Detected divide operation(s). Recommend moving them to RAM during run time or not using as these are processing/power intensive
"../Library/CTS_Layer.c", line 363: remark #1545-D: (ULP 14.1) Array index of type "int". Recommend using "unsigned int"
"../Library/CTS_Layer.c", line 431: remark #1544-D: (ULP 13.1) Detected loop counting up. Recommend loops count down as detecting zeros is easier
"../Library/CTS_Layer.c", line 448: remark #1545-D: (ULP 14.1) Array index of type "int". Recommend using "unsigned int"
"../Library/CTS_Layer.c", line 458: remark #1545-D: (ULP 14.1) Array index of type "int". Recommend using "unsigned int"
"../Library/CTS_Layer.c", line 459: remark #1530-D: (ULP 5.1) Detected divide operation(s). Recommend moving them to RAM during run time or not using as these are processing/power intensive
"../Library/CTS_Layer.c", line 465: remark #1545-D: (ULP 14.1) Array index of type "int". Recommend using "unsigned int"
"../Library/CTS_Layer.c", line 466: remark #1530-D: (ULP 5.1) Detected divide operation(s). Recommend moving them to RAM during run time or not using as these are processing/power intensive
"../Library/CTS_Layer.c", line 475: remark #1545-D: (ULP 14.1) Array index of type "int". Recommend using "unsigned int"
"../Library/CTS_Layer.c", line 491: remark #1545-D: (ULP 14.1) Array index of type "int". Recommend using "unsigned int"
"../Library/CTS_Layer.c", line 501: remark #1545-D: (ULP 14.1) Array index of type "int". Recommend using "unsigned int"
"../Library/CTS_Layer.c", line 502: remark #1530-D: (ULP 5.1) Detected divide operation(s). Recommend moving them to RAM during run time or not using as these are processing/power intensive
"../Library/CTS_Layer.c", line 508: remark #1545-D: (ULP 14.1) Array index of type "int". Recommend using "unsigned int"
"../Library/CTS_Layer.c", line 509: remark #1530-D: (ULP 5.1) Detected divide operation(s). Recommend moving them to RAM during run time or not using as these are processing/power intensive
"../Library/CTS_Layer.c", line 519: remark #1545-D: (ULP 14.1) Array index of type "int". Recommend using "unsigned int"
"../Library/CTS_Layer.c", line 532: remark #1530-D: (ULP 5.1) Detected divide operation(s). Recommend moving them to RAM during run time or not using as these are processing/power intensive
"../Library/CTS_Layer.c", line 533: remark #1545-D: (ULP 14.1) Array index of type "int". Recommend using "unsigned int"
"../Library/CTS_Layer.c", line 534: remark #1530-D: (ULP 5.1) Detected divide operation(s). Recommend moving them to RAM during run time or not using as these are processing/power intensive
"../Library/CTS_Layer.c", line 534: remark #1545-D: (ULP 14.1) Array index of type "int". Recommend using "unsigned int"
"../Library/CTS_Layer.c", line 537: remark #1530-D: (ULP 5.1) Detected divide operation(s). Recommend moving them to RAM during run time or not using as these are processing/power intensive
"../Library/CTS_Layer.c", line 538: remark #1545-D: (ULP 14.1) Array index of type "int". Recommend using "unsigned int"
"../Library/CTS_Layer.c", line 539: remark #1533-D: (ULP 6.1) Detected use of multiplication on a device that has no hardware multiplier
"../Library/CTS_Layer.c", line 539: remark #1530-D: (ULP 5.1) Detected divide operation(s). Recommend moving them to RAM during run time or not using as these are processing/power intensive
"../Library/CTS_Layer.c", line 539: remark #1545-D: (ULP 14.1) Array index of type "int". Recommend using "unsigned int"
"../Library/CTS_Layer.c", line 543: remark #1545-D: (ULP 14.1) Array index of type "int". Recommend using "unsigned int"
"../Library/CTS_Layer.c", line 544: remark #1533-D: (ULP 6.1) Detected use of multiplication on a device that has no hardware multiplier
"../Library/CTS_Layer.c", line 547: remark #1530-D: (ULP 5.1) Detected divide operation(s). Recommend moving them to RAM during run time or not using as these are processing/power intensive
"../Library/CTS_Layer.c", line 548: remark #1545-D: (ULP 14.1) Array index of type "int". Recommend using "unsigned int"
"../Library/CTS_Layer.c", line 549: remark #1533-D: (ULP 6.1) Detected use of multiplication on a device that has no hardware multiplier
"../Library/CTS_Layer.c", line 549: remark #1530-D: (ULP 5.1) Detected divide operation(s). Recommend moving them to RAM during run time or not using as these are processing/power intensive
"../Library/CTS_Layer.c", line 549: remark #1545-D: (ULP 14.1) Array index of type "int". Recommend using "unsigned int"
"../Library/CTS_Layer.c", line 553: remark #1545-D: (ULP 14.1) Array index of type "int". Recommend using "unsigned int"
"../Library/CTS_Layer.c", line 554: remark #1533-D: (ULP 6.1) Detected use of multiplication on a device that has no hardware multiplier
"../Library/CTS_Layer.c", line 557: remark #1530-D: (ULP 5.1) Detected divide operation(s). Recommend moving them to RAM during run time or not using as these are processing/power intensive
"../Library/CTS_Layer.c", line 558: remark #1545-D: (ULP 14.1) Array index of type "int". Recommend using "unsigned int"
"../Library/CTS_Layer.c", line 559: remark #1533-D: (ULP 6.1) Detected use of multiplication on a device that has no hardware multiplier
"../Library/CTS_Layer.c", line 559: remark #1530-D: (ULP 5.1) Detected divide operation(s). Recommend moving them to RAM during run time or not using as these are processing/power intensive
"../Library/CTS_Layer.c", line 559: remark #1545-D: (ULP 14.1) Array index of type "int". Recommend using "unsigned int"
"../Library/CTS_Layer.c", line 565: remark #1545-D: (ULP 14.1) Array index of type "int". Recommend using "unsigned int"
"../Library/CTS_Layer.c", line 574: remark #1545-D: (ULP 14.1) Array index of type "int". Recommend using "unsigned int"
"../Library/CTS_Layer.c", line 581: remark #1545-D: (ULP 14.1) Array index of type "int". Recommend using "unsigned int"
"../Library/CTS_Layer.c", line 600: remark #1530-D: (ULP 5.1) Detected divide operation(s). Recommend moving them to RAM during run time or not using as these are processing/power intensive
"../Library/CTS_Layer.c", line 601: remark #1545-D: (ULP 14.1) Array index of type "int". Recommend using "unsigned int"
"../Library/CTS_Layer.c", line 601: remark #1533-D: (ULP 6.1) Detected use of multiplication on a device that has no hardware multiplier
"../Library/CTS_Layer.c", line 601: remark #1530-D: (ULP 5.1) Detected divide operation(s). Recommend moving them to RAM during run time or not using as these are processing/power intensive
"../Library/CTS_Layer.c", line 601: remark #1545-D: (ULP 14.1) Array index of type "int". Recommend using "unsigned int"
"../Library/CTS_Layer.c", line 604: remark #1530-D: (ULP 5.1) Detected divide operation(s). Recommend moving them to RAM during run time or not using as these are processing/power intensive
"../Library/CTS_Layer.c", line 605: remark #1545-D: (ULP 14.1) Array index of type "int". Recommend using "unsigned int"
"../Library/CTS_Layer.c", line 605: remark #1530-D: (ULP 5.1) Detected divide operation(s). Recommend moving them to RAM during run time or not using as these are processing/power intensive
"../Library/CTS_Layer.c", line 605: remark #1545-D: (ULP 14.1) Array index of type "int". Recommend using "unsigned int"
"../Library/CTS_Layer.c", line 612: remark #1545-D: (ULP 14.1) Array index of type "int". Recommend using "unsigned int"
"../Library/CTS_Layer.c", line 620: remark #1545-D: (ULP 14.1) Array index of type "int". Recommend using "unsigned int"
"../Library/CTS_Layer.c", line 627: remark #1545-D: (ULP 14.1) Array index of type "int". Recommend using "unsigned int"
"../Library/CTS_Layer.c", line 706: remark #2553-D: (ULP 14.1) Array index (involving "index") of type "int". Recommend using "unsigned int"
"../Library/CTS_Layer.c", line 957: remark #1544-D: (ULP 13.1) Detected loop counting up. Recommend loops count down as detecting zeros is easier
"../Library/CTS_Layer.c", line 970: remark #1530-D: (ULP 5.1) Detected divide operation(s). Recommend moving them to RAM during run time or not using as these are processing/power intensive
"../Library/CTS_Layer.c", line 968: remark #1533-D: (ULP 6.1) Detected use of multiplication on a device that has no hardware multiplier
Finished building: "../Library/CTS_Layer.c"
 
Building target: "29-capTouch.out"
Invoking: MSP430 Linker
"D:/learnData/ccs/ccs/tools/compiler/ti-cgt-msp430_21.6.1.LTS/bin/cl430" -vmsp --abi=eabi --use_hw_mpy=none --advice:power=all -g --gcc --define=__MSP430G2553__ --display_error_number --diag_warning=225 --diag_wrap=off --printf_support=minimal -z -m"29-capTouch.map" --stack_size=80 --heap_size=80 -i"D:/learnData/ccs/ccs/ccs_base/msp430/include" -i"D:/learnData/ccs/ccs/tools/compiler/ti-cgt-msp430_21.6.1.LTS/lib" -i"D:/learnData/ccs/ccs/tools/compiler/ti-cgt-msp430_21.6.1.LTS/include" --reread_libs --warn_sections --diag_wrap=off --display_error_number --xml_link_info="29-capTouch_linkInfo.xml" --use_hw_mpy=none --rom_model -o "29-capTouch.out" "./Application/main.obj" "./Application/structure.obj" "./Library/CTS_HAL.obj" "./Library/CTS_Layer.obj" "../lnk_msp430g2553.cmd"  -llibc.a 
<Linking>
remark #10372-D: (ULP 4.1) Detected uninitialized Port 1 in this project. Recommend initializing all unused ports to eliminate wasted current consumption on unused pins.
remark #10372-D: (ULP 4.1) Detected uninitialized Port 3 in this project. Recommend initializing all unused ports to eliminate wasted current consumption on unused pins.
Finished building target: "29-capTouch.out"
 

**** Build Finished ****
